# JRE version: OpenJDK Runtime Environment GraalVM CE 22.3.0 (17.0.5+8) (build 17.0.5+8-jvmci-22.3-b08)
# Java VM: OpenJDK 64-Bit Server VM GraalVM CE 22.3.0 (17.0.5+8-jvmci-22.3-b08, mixed mode, sharing, tiered, jvmci, jvmci compiler, compressed oops, compressed class ptrs, parallel gc, linux-amd64)
GC Precious Log:
 CPUs: 8 total, 1 available
 Memory: 1024M
 Large Page Support: Disabled
 NUMA Support: Disabled
 Compressed Oops: Enabled (32-bit)
 Alignments: Space 512K, Generation 512K, Heap 2M
 Heap Min Capacity: 100M
 Heap Initial Capacity: 100M
 Heap Max Capacity: 512M
 Pre-touch: Disabled
 Parallel Workers: 1
Heap:
 PSYoungGen      total 18944K, used 13824K [0x00000000f5580000, 0x00000000f6e00000, 0x0000000100000000)
  eden space 13824K, 100% used [0x00000000f5580000,0x00000000f6300000,0x00000000f6300000)
  from space 5120K, 0% used [0x00000000f6300000,0x00000000f6300000,0x00000000f6800000)
  to   space 4096K, 0% used [0x00000000f6a00000,0x00000000f6a00000,0x00000000f6e00000)
 ParOldGen       total 349696K, used 349695K [0x00000000e0000000, 0x00000000f5580000, 0x00000000f5580000)
  object space 349696K, 99% used [0x00000000e0000000,0x00000000f557ffe8,0x00000000f5580000)
 Metaspace       used 53844K, committed 54720K, reserved 1105920K
  class space    used 5404K, committed 5760K, reserved 1048576K
GC Heap History (20 events):
Event: 477.869 GC heap before
{Heap before GC invocations=383 (full 283):
 PSYoungGen      total 18944K, used 13824K [0x00000000f5580000, 0x00000000f6e00000, 0x0000000100000000)
  eden space 13824K, 100% used [0x00000000f5580000,0x00000000f6300000,0x00000000f6300000)
  from space 5120K, 0% used [0x00000000f6300000,0x00000000f6300000,0x00000000f6800000)
  to   space 4096K, 0% used [0x00000000f6a00000,0x00000000f6a00000,0x00000000f6e00000)
 ParOldGen       total 349696K, used 349695K [0x00000000e0000000, 0x00000000f5580000, 0x00000000f5580000)
  object space 349696K, 99% used [0x00000000e0000000,0x00000000f557fd18,0x00000000f5580000)
 Metaspace       used 53844K, committed 54720K, reserved 1105920K
  class space    used 5404K, committed 5760K, reserved 1048576K
}
Event: 479.306 GC heap after
{Heap after GC invocations=383 (full 283):
 PSYoungGen      total 17920K, used 13823K [0x00000000f5580000, 0x00000000f6e00000, 0x0000000100000000)
  eden space 13824K, 99% used [0x00000000f5580000,0x00000000f62ffeb0,0x00000000f6300000)
  from space 4096K, 0% used [0x00000000f6a00000,0x00000000f6a00000,0x00000000f6e00000)
  to   space 5120K, 0% used [0x00000000f6300000,0x00000000f6300000,0x00000000f6800000)
 ParOldGen       total 349696K, used 349695K [0x00000000e0000000, 0x00000000f5580000, 0x00000000f5580000)
  object space 349696K, 99% used [0x00000000e0000000,0x00000000f557fc20,0x00000000f5580000)
 Metaspace       used 53844K, committed 54720K, reserved 1105920K
  class space    used 5404K, committed 5760K, reserved 1048576K
}
Event: 479.307 GC heap before
{Heap before GC invocations=384 (full 284):
 PSYoungGen      total 17920K, used 13823K [0x00000000f5580000, 0x00000000f6e00000, 0x0000000100000000)
  eden space 13824K, 99% used [0x00000000f5580000,0x00000000f62ffff0,0x00000000f6300000)
  from space 4096K, 0% used [0x00000000f6a00000,0x00000000f6a00000,0x00000000f6e00000)
  to   space 5120K, 0% used [0x00000000f6300000,0x00000000f6300000,0x00000000f6800000)
 ParOldGen       total 349696K, used 349695K [0x00000000e0000000, 0x00000000f5580000, 0x00000000f5580000)
  object space 349696K, 99% used [0x00000000e0000000,0x00000000f557fc20,0x00000000f5580000)
 Metaspace       used 53844K, committed 54720K, reserved 1105920K
  class space    used 5404K, committed 5760K, reserved 1048576K
}
Event: 480.684 GC heap after
{Heap after GC invocations=384 (full 284):
 PSYoungGen      total 18944K, used 13823K [0x00000000f5580000, 0x00000000f6e00000, 0x0000000100000000)
  eden space 13824K, 99% used [0x00000000f5580000,0x00000000f62ffef0,0x00000000f6300000)
  from space 5120K, 0% used [0x00000000f6300000,0x00000000f6300000,0x00000000f6800000)
  to   space 4096K, 0% used [0x00000000f6a00000,0x00000000f6a00000,0x00000000f6e00000)
 ParOldGen       total 349696K, used 349694K [0x00000000e0000000, 0x00000000f5580000, 0x00000000f5580000)
  object space 349696K, 99% used [0x00000000e0000000,0x00000000f557fab0,0x00000000f5580000)
 Metaspace       used 53844K, committed 54720K, reserved 1105920K
  class space    used 5404K, committed 5760K, reserved 1048576K
}
Event: 480.684 GC heap before
{Heap before GC invocations=385 (full 285):
 PSYoungGen      total 18944K, used 13824K [0x00000000f5580000, 0x00000000f6e00000, 0x0000000100000000)
  eden space 13824K, 100% used [0x00000000f5580000,0x00000000f6300000,0x00000000f6300000)
  from space 5120K, 0% used [0x00000000f6300000,0x00000000f6300000,0x00000000f6800000)
  to   space 4096K, 0% used [0x00000000f6a00000,0x00000000f6a00000,0x00000000f6e00000)
 ParOldGen       total 349696K, used 349694K [0x00000000e0000000, 0x00000000f5580000, 0x00000000f5580000)
  object space 349696K, 99% used [0x00000000e0000000,0x00000000f557fab0,0x00000000f5580000)
 Metaspace       used 53844K, committed 54720K, reserved 1105920K
  class space    used 5404K, committed 5760K, reserved 1048576K
}
Event: 482.100 GC heap after
{Heap after GC invocations=385 (full 285):
 PSYoungGen      total 17920K, used 13823K [0x00000000f5580000, 0x00000000f6e00000, 0x0000000100000000)
  eden space 13824K, 99% used [0x00000000f5580000,0x00000000f62ffff0,0x00000000f6300000)
  from space 4096K, 0% used [0x00000000f6a00000,0x00000000f6a00000,0x00000000f6e00000)
  to   space 5120K, 0% used [0x00000000f6300000,0x00000000f6300000,0x00000000f6800000)
 ParOldGen       total 349696K, used 349694K [0x00000000e0000000, 0x00000000f5580000, 0x00000000f5580000)
  object space 349696K, 99% used [0x00000000e0000000,0x00000000f557fab0,0x00000000f5580000)
 Metaspace       used 53844K, committed 54720K, reserved 1105920K
  class space    used 5404K, committed 5760K, reserved 1048576K
}
Event: 482.100 GC heap before
{Heap before GC invocations=386 (full 286):
 PSYoungGen      total 17920K, used 13823K [0x00000000f5580000, 0x00000000f6e00000, 0x0000000100000000)
  eden space 13824K, 99% used [0x00000000f5580000,0x00000000f62ffff0,0x00000000f6300000)
  from space 4096K, 0% used [0x00000000f6a00000,0x00000000f6a00000,0x00000000f6e00000)
  to   space 5120K, 0% used [0x00000000f6300000,0x00000000f6300000,0x00000000f6800000)
 ParOldGen       total 349696K, used 349695K [0x00000000e0000000, 0x00000000f5580000, 0x00000000f5580000)
  object space 349696K, 99% used [0x00000000e0000000,0x00000000f557ff30,0x00000000f5580000)
 Metaspace       used 53844K, committed 54720K, reserved 1105920K
  class space    used 5404K, committed 5760K, reserved 1048576K
}
Event: 483.396 GC heap after
{Heap after GC invocations=386 (full 286):
 PSYoungGen      total 18944K, used 13823K [0x00000000f5580000, 0x00000000f6e00000, 0x0000000100000000)
  eden space 13824K, 99% used [0x00000000f5580000,0x00000000f62fff48,0x00000000f6300000)
  from space 5120K, 0% used [0x00000000f6300000,0x00000000f6300000,0x00000000f6800000)
  to   space 4096K, 0% used [0x00000000f6a00000,0x00000000f6a00000,0x00000000f6e00000)
 ParOldGen       total 349696K, used 349695K [0x00000000e0000000, 0x00000000f5580000, 0x00000000f5580000)
  object space 349696K, 99% used [0x00000000e0000000,0x00000000f557fe98,0x00000000f5580000)
 Metaspace       used 53844K, committed 54720K, reserved 1105920K
  class space    used 5404K, committed 5760K, reserved 1048576K
}
Event: 483.396 GC heap before
{Heap before GC invocations=387 (full 287):
 PSYoungGen      total 18944K, used 13823K [0x00000000f5580000, 0x00000000f6e00000, 0x0000000100000000)
  eden space 13824K, 99% used [0x00000000f5580000,0x00000000f62ffff0,0x00000000f6300000)
  from space 5120K, 0% used [0x00000000f6300000,0x00000000f6300000,0x00000000f6800000)
  to   space 4096K, 0% used [0x00000000f6a00000,0x00000000f6a00000,0x00000000f6e00000)
 ParOldGen       total 349696K, used 349695K [0x00000000e0000000, 0x00000000f5580000, 0x00000000f5580000)
  object space 349696K, 99% used [0x00000000e0000000,0x00000000f557fff8,0x00000000f5580000)
 Metaspace       used 53844K, committed 54720K, reserved 1105920K
  class space    used 5404K, committed 5760K, reserved 1048576K
}
Event: 484.793 GC heap after
{Heap after GC invocations=387 (full 287):
 PSYoungGen      total 17920K, used 13823K [0x00000000f5580000, 0x00000000f6e00000, 0x0000000100000000)
  eden space 13824K, 99% used [0x00000000f5580000,0x00000000f62fffc0,0x00000000f6300000)
  from space 4096K, 0% used [0x00000000f6a00000,0x00000000f6a00000,0x00000000f6e00000)
  to   space 5120K, 0% used [0x00000000f6300000,0x00000000f6300000,0x00000000f6800000)
 ParOldGen       total 349696K, used 349695K [0x00000000e0000000, 0x00000000f5580000, 0x00000000f5580000)
  object space 349696K, 99% used [0x00000000e0000000,0x00000000f557ff90,0x00000000f5580000)
 Metaspace       used 53844K, committed 54720K, reserved 1105920K
  class space    used 5404K, committed 5760K, reserved 1048576K
}
Event: 484.793 GC heap before
{Heap before GC invocations=388 (full 288):
 PSYoungGen      total 17920K, used 13823K [0x00000000f5580000, 0x00000000f6e00000, 0x0000000100000000)
  eden space 13824K, 99% used [0x00000000f5580000,0x00000000f62ffff0,0x00000000f6300000)
  from space 4096K, 0% used [0x00000000f6a00000,0x00000000f6a00000,0x00000000f6e00000)
  to   space 5120K, 0% used [0x00000000f6300000,0x00000000f6300000,0x00000000f6800000)
 ParOldGen       total 349696K, used 349695K [0x00000000e0000000, 0x00000000f5580000, 0x00000000f5580000)
  object space 349696K, 99% used [0x00000000e0000000,0x00000000f557ff90,0x00000000f5580000)
 Metaspace       used 53844K, committed 54720K, reserved 1105920K
  class space    used 5404K, committed 5760K, reserved 1048576K
}
Event: 486.191 GC heap after
{Heap after GC invocations=388 (full 288):
 PSYoungGen      total 18944K, used 13823K [0x00000000f5580000, 0x00000000f6e00000, 0x0000000100000000)
  eden space 13824K, 99% used [0x00000000f5580000,0x00000000f62fffd8,0x00000000f6300000)
  from space 5120K, 0% used [0x00000000f6300000,0x00000000f6300000,0x00000000f6800000)
  to   space 4096K, 0% used [0x00000000f6a00000,0x00000000f6a00000,0x00000000f6e00000)
 ParOldGen       total 349696K, used 349695K [0x00000000e0000000, 0x00000000f5580000, 0x00000000f5580000)
  object space 349696K, 99% used [0x00000000e0000000,0x00000000f557ff90,0x00000000f5580000)
 Metaspace       used 53844K, committed 54720K, reserved 1105920K
  class space    used 5404K, committed 5760K, reserved 1048576K
}
Event: 486.192 GC heap before
{Heap before GC invocations=389 (full 289):
 PSYoungGen      total 18944K, used 13823K [0x00000000f5580000, 0x00000000f6e00000, 0x0000000100000000)
  eden space 13824K, 99% used [0x00000000f5580000,0x00000000f62ffff8,0x00000000f6300000)
  from space 5120K, 0% used [0x00000000f6300000,0x00000000f6300000,0x00000000f6800000)
  to   space 4096K, 0% used [0x00000000f6a00000,0x00000000f6a00000,0x00000000f6e00000)
 ParOldGen       total 349696K, used 349695K [0x00000000e0000000, 0x00000000f5580000, 0x00000000f5580000)
  object space 349696K, 99% used [0x00000000e0000000,0x00000000f557ff90,0x00000000f5580000)
 Metaspace       used 53844K, committed 54720K, reserved 1105920K
  class space    used 5404K, committed 5760K, reserved 1048576K
}
Event: 487.798 GC heap after
{Heap after GC invocations=389 (full 289):
 PSYoungGen      total 17920K, used 13823K [0x00000000f5580000, 0x00000000f6e00000, 0x0000000100000000)
  eden space 13824K, 99% used [0x00000000f5580000,0x00000000f62ffff8,0x00000000f6300000)
  from space 4096K, 0% used [0x00000000f6a00000,0x00000000f6a00000,0x00000000f6e00000)
  to   space 5120K, 0% used [0x00000000f6300000,0x00000000f6300000,0x00000000f6800000)
 ParOldGen       total 349696K, used 349695K [0x00000000e0000000, 0x00000000f5580000, 0x00000000f5580000)
  object space 349696K, 99% used [0x00000000e0000000,0x00000000f557ff90,0x00000000f5580000)
 Metaspace       used 53844K, committed 54720K, reserved 1105920K
  class space    used 5404K, committed 5760K, reserved 1048576K
}
Event: 487.799 GC heap before
{Heap before GC invocations=390 (full 290):
 PSYoungGen      total 17920K, used 13823K [0x00000000f5580000, 0x00000000f6e00000, 0x0000000100000000)
  eden space 13824K, 99% used [0x00000000f5580000,0x00000000f62ffff8,0x00000000f6300000)
  from space 4096K, 0% used [0x00000000f6a00000,0x00000000f6a00000,0x00000000f6e00000)
  to   space 5120K, 0% used [0x00000000f6300000,0x00000000f6300000,0x00000000f6800000)
 ParOldGen       total 349696K, used 349695K [0x00000000e0000000, 0x00000000f5580000, 0x00000000f5580000)
  object space 349696K, 99% used [0x00000000e0000000,0x00000000f557fff8,0x00000000f5580000)
 Metaspace       used 53844K, committed 54720K, reserved 1105920K
  class space    used 5404K, committed 5760K, reserved 1048576K
}
Event: 489.183 GC heap after
{Heap after GC invocations=390 (full 290):
 PSYoungGen      total 18944K, used 13823K [0x00000000f5580000, 0x00000000f6e00000, 0x0000000100000000)
  eden space 13824K, 99% used [0x00000000f5580000,0x00000000f62fffe8,0x00000000f6300000)
  from space 5120K, 0% used [0x00000000f6300000,0x00000000f6300000,0x00000000f6800000)
  to   space 4096K, 0% used [0x00000000f6a00000,0x00000000f6a00000,0x00000000f6e00000)
 ParOldGen       total 349696K, used 349695K [0x00000000e0000000, 0x00000000f5580000, 0x00000000f5580000)
  object space 349696K, 99% used [0x00000000e0000000,0x00000000f557ffc8,0x00000000f5580000)
 Metaspace       used 53844K, committed 54720K, reserved 1105920K
  class space    used 5404K, committed 5760K, reserved 1048576K
}
Event: 489.183 GC heap before
{Heap before GC invocations=391 (full 291):
 PSYoungGen      total 18944K, used 13823K [0x00000000f5580000, 0x00000000f6e00000, 0x0000000100000000)
  eden space 13824K, 99% used [0x00000000f5580000,0x00000000f62ffff8,0x00000000f6300000)
  from space 5120K, 0% used [0x00000000f6300000,0x00000000f6300000,0x00000000f6800000)
  to   space 4096K, 0% used [0x00000000f6a00000,0x00000000f6a00000,0x00000000f6e00000)
 ParOldGen       total 349696K, used 349695K [0x00000000e0000000, 0x00000000f5580000, 0x00000000f5580000)
  object space 349696K, 99% used [0x00000000e0000000,0x00000000f557ffc8,0x00000000f5580000)
 Metaspace       used 53844K, committed 54720K, reserved 1105920K
  class space    used 5404K, committed 5760K, reserved 1048576K
}
Event: 490.675 GC heap after
{Heap after GC invocations=391 (full 291):
 PSYoungGen      total 17920K, used 13823K [0x00000000f5580000, 0x00000000f6e00000, 0x0000000100000000)
  eden space 13824K, 99% used [0x00000000f5580000,0x00000000f62fffe8,0x00000000f6300000)
  from space 4096K, 0% used [0x00000000f6a00000,0x00000000f6a00000,0x00000000f6e00000)
  to   space 5120K, 0% used [0x00000000f6300000,0x00000000f6300000,0x00000000f6800000)
 ParOldGen       total 349696K, used 349695K [0x00000000e0000000, 0x00000000f5580000, 0x00000000f5580000)
  object space 349696K, 99% used [0x00000000e0000000,0x00000000f557ffc8,0x00000000f5580000)
 Metaspace       used 53844K, committed 54720K, reserved 1105920K
  class space    used 5404K, committed 5760K, reserved 1048576K
}
Event: 490.675 GC heap before
{Heap before GC invocations=392 (full 292):
 PSYoungGen      total 17920K, used 13823K [0x00000000f5580000, 0x00000000f6e00000, 0x0000000100000000)
  eden space 13824K, 99% used [0x00000000f5580000,0x00000000f62fffe8,0x00000000f6300000)
  from space 4096K, 0% used [0x00000000f6a00000,0x00000000f6a00000,0x00000000f6e00000)
  to   space 5120K, 0% used [0x00000000f6300000,0x00000000f6300000,0x00000000f6800000)
 ParOldGen       total 349696K, used 349695K [0x00000000e0000000, 0x00000000f5580000, 0x00000000f5580000)
  object space 349696K, 99% used [0x00000000e0000000,0x00000000f557ffc8,0x00000000f5580000)
 Metaspace       used 53844K, committed 54720K, reserved 1105920K
  class space    used 5404K, committed 5760K, reserved 1048576K
}
Event: 492.168 GC heap after
{Heap after GC invocations=392 (full 292):
 PSYoungGen      total 18944K, used 13823K [0x00000000f5580000, 0x00000000f6e00000, 0x0000000100000000)
  eden space 13824K, 99% used [0x00000000f5580000,0x00000000f62fffe8,0x00000000f6300000)
  from space 5120K, 0% used [0x00000000f6300000,0x00000000f6300000,0x00000000f6800000)
  to   space 4096K, 0% used [0x00000000f6a00000,0x00000000f6a00000,0x00000000f6e00000)
 ParOldGen       total 349696K, used 349695K [0x00000000e0000000, 0x00000000f5580000, 0x00000000f5580000)
  object space 349696K, 99% used [0x00000000e0000000,0x00000000f557ffc8,0x00000000f5580000)
 Metaspace       used 53844K, committed 54720K, reserved 1105920K
  class space    used 5404K, committed 5760K, reserved 1048576K
}

